<?xml version="1.0" encoding="UTF-8"?>
<testng-results ignored="0" total="1" passed="1" failed="0" skipped="0">
  <reporter-output>
  </reporter-output>
  <suite started-at="2021-11-20T20:31:21 IST" name="Default suite" finished-at="2021-11-20T20:31:37 IST" duration-ms="16484">
    <groups>
    </groups>
    <test started-at="2021-11-20T20:31:21 IST" name="Default test" finished-at="2021-11-20T20:31:37 IST" duration-ms="16484">
      <class name="com.automationtests.WebTables">
        <test-method is-config="true" signature="openChromeBrowser()[pri:0, instance:com.automationtests.WebTables@201a4587]" started-at="2021-11-20T20:31:21 IST" name="openChromeBrowser" finished-at="2021-11-20T20:31:30 IST" duration-ms="9641" status="PASS">
          <reporter-output>
          </reporter-output>
        </test-method> <!-- openChromeBrowser -->
        <test-method signature="testToolTips()[pri:0, instance:com.automationtests.WebTables@201a4587]" started-at="2021-11-20T20:31:30 IST" name="testToolTips" finished-at="2021-11-20T20:31:36 IST" duration-ms="5139" status="PASS">
          <reporter-output>
          </reporter-output>
        </test-method> <!-- testToolTips -->
        <test-method is-config="true" signature="loseBrowser()[pri:0, instance:com.automationtests.WebTables@201a4587]" started-at="2021-11-20T20:31:36 IST" name="loseBrowser" finished-at="2021-11-20T20:31:37 IST" duration-ms="1628" status="PASS">
          <reporter-output>
          </reporter-output>
        </test-method> <!-- loseBrowser -->
      </class> <!-- com.automationtests.WebTables -->
    </test> <!-- Default test -->
  </suite> <!-- Default suite -->
</testng-results>
